-------------------------------------------------------------------------------
Test set: Account types
-------------------------------------------------------------------------------
Tests run: 1, Failures: 1, Errors: 0, Skipped: 0, Time elapsed: 38.692 s <<< FAILURE! - in Account types
Sales manager user(Account types)  Time elapsed: 38.692 s  <<< FAILURE!
java.lang.AssertionError

